[debug] [2026-01-23T17:22:46.382Z] ----------------------------------------------------------------------
[debug] [2026-01-23T17:22:46.386Z] Command:       C:\nvm4w\nodejs\node.exe C:\nvm4w\nodejs\node_modules\firebase-tools\lib\bin\firebase.js database:set /products produkter.json --project staafilicious
[debug] [2026-01-23T17:22:46.387Z] CLI Version:   15.3.1
[debug] [2026-01-23T17:22:46.387Z] Platform:      win32
[debug] [2026-01-23T17:22:46.387Z] Node Version:  v20.19.6
[debug] [2026-01-23T17:22:46.387Z] Time:          Fri Jan 23 2026 18:22:46 GMT+0100 (centraleuropeisk normaltid)
[debug] [2026-01-23T17:22:46.387Z] ----------------------------------------------------------------------
[debug] 
[debug] [2026-01-23T17:22:48.378Z] > command requires scopes: ["email","openid","https://www.googleapis.com/auth/cloudplatformprojects.readonly","https://www.googleapis.com/auth/firebase","https://www.googleapis.com/auth/cloud-platform"]
[debug] [2026-01-23T17:22:48.378Z] > authorizing via signed-in user (vonstaaf@gmail.com)
[debug] [2026-01-23T17:22:48.379Z] [iam] checking project staafilicious for permissions ["firebase.projects.get","firebasedatabase.instances.update"]
[debug] [2026-01-23T17:22:48.380Z] Checked if tokens are valid: true, expires at: 1769192337740
[debug] [2026-01-23T17:22:48.381Z] Checked if tokens are valid: true, expires at: 1769192337740
[debug] [2026-01-23T17:22:48.382Z] >>> [apiv2][query] POST https://cloudresourcemanager.googleapis.com/v1/projects/staafilicious:testIamPermissions [none]
[debug] [2026-01-23T17:22:48.382Z] >>> [apiv2][(partial)header] POST https://cloudresourcemanager.googleapis.com/v1/projects/staafilicious:testIamPermissions x-goog-quota-user=projects/staafilicious
[debug] [2026-01-23T17:22:48.382Z] >>> [apiv2][body] POST https://cloudresourcemanager.googleapis.com/v1/projects/staafilicious:testIamPermissions {"permissions":["firebase.projects.get","firebasedatabase.instances.update"]}
[debug] [2026-01-23T17:22:49.236Z] <<< [apiv2][status] POST https://cloudresourcemanager.googleapis.com/v1/projects/staafilicious:testIamPermissions 200
[debug] [2026-01-23T17:22:49.237Z] <<< [apiv2][body] POST https://cloudresourcemanager.googleapis.com/v1/projects/staafilicious:testIamPermissions {"permissions":["firebase.projects.get","firebasedatabase.instances.update"]}
[debug] [2026-01-23T17:22:49.237Z] Checked if tokens are valid: true, expires at: 1769192337740
[debug] [2026-01-23T17:22:49.238Z] Checked if tokens are valid: true, expires at: 1769192337740
[debug] [2026-01-23T17:22:49.238Z] >>> [apiv2][query] GET https://firebase.googleapis.com/v1beta1/projects/staafilicious [none]
[debug] [2026-01-23T17:22:49.735Z] <<< [apiv2][status] GET https://firebase.googleapis.com/v1beta1/projects/staafilicious 200
[debug] [2026-01-23T17:22:49.735Z] <<< [apiv2][body] GET https://firebase.googleapis.com/v1beta1/projects/staafilicious {"projectId":"staafilicious","projectNumber":"763451849508","displayName":"Workaholic","name":"projects/staafilicious","resources":{"hostingSite":"staafilicious","realtimeDatabaseInstance":"staafilicious-default-rtdb"},"state":"ACTIVE","etag":"1_a0b73c21-0765-4151-807c-bdc20b257bd4"}
[debug] [2026-01-23T17:22:49.736Z] Checked if tokens are valid: true, expires at: 1769192337740
[debug] [2026-01-23T17:22:49.736Z] Checked if tokens are valid: true, expires at: 1769192337740
[debug] [2026-01-23T17:22:49.736Z] >>> [apiv2][query] GET https://firebasedatabase.googleapis.com/v1beta/projects/staafilicious/locations/-/instances/staafilicious-default-rtdb [none]
[debug] [2026-01-23T17:22:50.714Z] <<< [apiv2][status] GET https://firebasedatabase.googleapis.com/v1beta/projects/staafilicious/locations/-/instances/staafilicious-default-rtdb 200
[debug] [2026-01-23T17:22:50.714Z] <<< [apiv2][body] GET https://firebasedatabase.googleapis.com/v1beta/projects/staafilicious/locations/-/instances/staafilicious-default-rtdb {"name":"projects/763451849508/locations/europe-west1/instances/staafilicious-default-rtdb","project":"projects/763451849508","databaseUrl":"https://staafilicious-default-rtdb.europe-west1.firebasedatabase.app","type":"DEFAULT_DATABASE","state":"ACTIVE"}
[debug] [2026-01-23T17:23:19.717Z] Checked if tokens are valid: true, expires at: 1769192337740
[debug] [2026-01-23T17:23:19.718Z] Checked if tokens are valid: true, expires at: 1769192337740
[debug] [2026-01-23T17:23:19.718Z] >>> [apiv2][query] PUT https://staafilicious-default-rtdb.europe-west1.firebasedatabase.app/products.json 
[debug] [2026-01-23T17:23:19.718Z] >>> [apiv2][body] PUT https://staafilicious-default-rtdb.europe-west1.firebasedatabase.app/products.json [stream]
[debug] [2026-01-23T17:23:21.741Z] <<< [apiv2][status] PUT https://staafilicious-default-rtdb.europe-west1.firebasedatabase.app/products.json 400
[debug] [2026-01-23T17:23:21.741Z] <<< [apiv2][body] PUT https://staafilicious-default-rtdb.europe-west1.firebasedatabase.app/products.json {"error":"Data to write exceeds the maximum size that can be modified with a single request."}
[debug] [2026-01-23T17:23:21.743Z] Request to https://staafilicious-default-rtdb.europe-west1.firebasedatabase.app/products.json had HTTP Error: 400, Data to write exceeds the maximum size that can be modified with a single request.
[error] 
[error] Error: Unexpected error while setting data: Request to https://staafilicious-default-rtdb.europe-west1.firebasedatabase.app/products.json had HTTP Error: 400, Data to write exceeds the maximum size that can be modified with a single request.
